<?xml version="1.0" encoding="UTF-8"?>
<!-- Generated by org.testng.reporters.JUnitReportReporter -->
<testsuite hostname="DESKTOP-1AG477P" failures="0" tests="3" name="com.NeoStox.TestCases.DashboardPageTest" time="3.066" errors="0" timestamp="02 Feb 2023 13:58:04 GMT" skipped="0">
  <testcase classname="com.NeoStox.TestCases.DashboardPageTest" name="watchlist" time="0.843"/>
  <testcase classname="com.NeoStox.TestCases.DashboardPageTest" name="ExpandAndCollapse" time="0.810"/>
  <testcase classname="com.NeoStox.TestCases.DashboardPageTest" name="watchlist" time="1.413"/>
</testsuite> <!-- com.NeoStox.TestCases.DashboardPageTest -->
