<?xml version="1.0" encoding="UTF-8"?>
<!-- Generated by org.testng.reporters.JUnitReportReporter -->
<testsuite hostname="DESKTOP-1AG477P" failures="0" tests="1" name="com.NeoStox.TestCases.LoginPageTest" time="0.056" errors="0" timestamp="02 Feb 2023 13:58:04 GMT" skipped="0">
  <testcase classname="com.NeoStox.TestCases.LoginPageTest" name="ValiduserLogin" time="0.056"/>
</testsuite> <!-- com.NeoStox.TestCases.LoginPageTest -->
